Arguments: 
  /opt/homebrew/Cellar/node/18.4.0/bin/node /opt/homebrew/bin/yarn add typscript

PATH: 
  /opt/homebrew/bin:/opt/homebrew/sbin:/usr/local/bin:/usr/bin:/bin:/usr/sbin:/sbin:/Library/Apple/usr/bin:/Users/0xsaranonearth/.nvm/versions/node/v16.15.1/bin:/opt/homebrew/bin:/opt/homebrew/sbin

Yarn version: 
  1.22.19

Node version: 
  18.4.0

Platform: 
  darwin arm64

Trace: 
  Error: https://registry.yarnpkg.com/typscript: Not found
      at params.callback [as _callback] (/opt/homebrew/lib/node_modules/yarn/lib/cli.js:66145:18)
      at self.callback (/opt/homebrew/lib/node_modules/yarn/lib/cli.js:140890:22)
      at Request.emit (node:events:537:28)
      at Request.<anonymous> (/opt/homebrew/lib/node_modules/yarn/lib/cli.js:141862:10)
      at Request.emit (node:events:537:28)
      at IncomingMessage.<anonymous> (/opt/homebrew/lib/node_modules/yarn/lib/cli.js:141784:12)
      at Object.onceWrapper (node:events:651:28)
      at IncomingMessage.emit (node:events:549:35)
      at endReadableNT (node:internal/streams/readable:1359:12)
      at process.processTicksAndRejections (node:internal/process/task_queues:82:21)

npm manifest: 
  {
    "name": "tranzo-types",
    "version": "1.0.0",
    "main": "index.js",
    "license": "MIT"
  }

yarn manifest: 
  No manifest

Lockfile: 
  No lockfile
